<?xml version="1.0" encoding="UTF-8"?>
<!-- Generated by org.testng.reporters.JUnitReportReporter -->
<testsuite hostname="DESKTOP-OIMUSPK" failures="0" tests="2" name="e2eProject.Homepage" time="4.369" errors="0" timestamp="2022-08-17T15:26:38 IST" skipped="0">
  <testcase classname="e2eProject.Homepage" name="basePageNaviagation" time="2.879"/>
  <system-out/>
  <testcase classname="e2eProject.Homepage" name="basePageNaviagation" time="1.490"/>
  <system-out/>
</testsuite> <!-- e2eProject.Homepage -->
