<?xml version="1.0" encoding="UTF-8"?>
<!-- Generated by org.testng.reporters.JUnitReportReporter -->
<testsuite hostname="DESKTOP-OIMUSPK" failures="0" tests="1" name="e2eProject.ValidateNavigationBar" time="0.067" errors="0" timestamp="2022-08-17T15:26:38 IST" skipped="0">
  <testcase classname="e2eProject.ValidateNavigationBar" name="basePageNaviagation" time="0.067"/>
  <system-out/>
</testsuite> <!-- e2eProject.ValidateNavigationBar -->
