<?xml version="1.0" encoding="UTF-8"?>
<!-- Generated by org.testng.reporters.JUnitReportReporter -->
<testsuite hostname="DESKTOP-OIMUSPK" failures="0" tests="3" name="StreamDemo" time="0.011" errors="0" timestamp="2022-07-27T16:48:01 IST" skipped="0">
  <testcase classname="StreamDemo" name="regular" time="0.006"/>
  <system-out/>
  <testcase classname="StreamDemo" name="streamExample" time="0.003"/>
  <system-out/>
  <testcase classname="StreamDemo" name="tearmMap" time="0.002"/>
  <system-out/>
</testsuite> <!-- StreamDemo -->
