<?xml version="1.0" encoding="UTF-8"?>
<!-- Generated by org.testng.reporters.JUnitReportReporter -->
<testsuite hostname="DESKTOP-OIMUSPK" failures="0" tests="1" name="testOneFolder.AppiumTest" time="0.004" errors="0" timestamp="2022-08-09T14:43:12 IST" skipped="0">
  <testcase classname="testOneFolder.AppiumTest" name="One" time="0.004"/>
  <system-out/>
</testsuite> <!-- testOneFolder.AppiumTest -->
