<?xml version="1.0" encoding="UTF-8"?>
<!-- Generated by org.testng.reporters.JUnitReportReporter -->
<testsuite hostname="DESKTOP-OIMUSPK" failures="0" tests="2" name="testOneFolder.SeleniumTest" time="0.001" errors="0" timestamp="2022-08-09T14:43:12 IST" skipped="0">
  <testcase classname="testOneFolder.SeleniumTest" name="Five" time="0.000"/>
  <system-out/>
  <testcase classname="testOneFolder.SeleniumTest" name="Four" time="0.001"/>
  <system-out/>
</testsuite> <!-- testOneFolder.SeleniumTest -->
