<?xml version="1.0" encoding="UTF-8"?>
<!-- Generated by org.testng.reporters.JUnitReportReporter -->
<testsuite hostname="DESKTOP-OIMUSPK" failures="0" tests="2" name="testPack.AllAnotationsExample" time="0.005" errors="0" timestamp="2022-08-05T16:33:14 IST" skipped="0">
  <testcase classname="testPack.AllAnotationsExample" name="d" time="0.004"/>
  <system-out/>
  <testcase classname="testPack.AllAnotationsExample" name="h" time="0.001"/>
  <system-out/>
</testsuite> <!-- testPack.AllAnotationsExample -->
