<?xml version="1.0" encoding="UTF-8"?>
<!-- Generated by org.testng.reporters.JUnitReportReporter -->
<testsuite hostname="DESKTOP-OIMUSPK" failures="0" tests="2" name="testPack.dayOne" time="0.006" errors="0" timestamp="2022-08-03T17:11:05 IST" skipped="0">
  <testcase classname="testPack.dayOne" name="demoOne" time="0.001"/>
  <system-out/>
  <testcase classname="testPack.dayOne" name="demo" time="0.005"/>
  <system-out/>
</testsuite> <!-- testPack.dayOne -->
