<?xml version="1.0" encoding="UTF-8"?>
<!-- Generated by org.testng.reporters.JUnitReportReporter -->
<testsuite hostname="DESKTOP-OIMUSPK" failures="0" tests="1" name="testPack.DayThree" time="0.001" errors="0" timestamp="2022-08-05T17:06:41 IST" skipped="0">
  <testcase classname="testPack.DayThree" name="homeLoan" time="0.001"/>
  <system-out/>
</testsuite> <!-- testPack.DayThree -->
