<?xml version="1.0" encoding="UTF-8"?>
<!-- Generated by org.testng.reporters.JUnitReportReporter -->
<testsuite hostname="DESKTOP-OIMUSPK" failures="0" tests="1" name="testPack.DayTwo" time="0.001" errors="0" timestamp="2022-08-03T17:11:05 IST" skipped="0">
  <testcase classname="testPack.DayTwo" name="demo2" time="0.001"/>
  <system-out/>
</testsuite> <!-- testPack.DayTwo -->
