<?xml version="1.0" encoding="UTF-8"?>
<!-- Generated by org.testng.reporters.JUnitReportReporter -->
<testsuite hostname="DESKTOP-OIMUSPK" failures="0" tests="1" name="e2eProject.ValidateNavigationBar" time="0.046" errors="0" timestamp="2022-08-17T14:28:05 IST" skipped="0">
  <testcase classname="e2eProject.ValidateNavigationBar" name="basePageNaviagation" time="0.046"/>
  <system-out/>
</testsuite> <!-- e2eProject.ValidateNavigationBar -->
