<?xml version="1.0" encoding="UTF-8"?>
<!-- Generated by org.testng.reporters.JUnitReportReporter -->
<testsuite hostname="LAPTOP-DIVUF89F" failures="0" tests="1" name="salesperson.UserInfoPage" time="25.454" errors="0" timestamp="2022-06-16T20:34:18 IST" skipped="0">
  <testcase classname="salesperson.UserInfoPage" name="regi" time="25.454"/>
  <system-out/>
</testsuite> <!-- salesperson.UserInfoPage -->
