<?xml version="1.0" encoding="UTF-8"?>
<!-- Generated by org.testng.reporters.JUnitReportReporter -->
<testsuite hostname="DESKTOP-OIMUSPK" failures="0" tests="1" name="salesperson.CompanyInfo" time="20.899" errors="0" timestamp="2022-06-18T12:26:18 IST" skipped="0">
  <testcase classname="salesperson.CompanyInfo" name="Suc" time="20.899"/>
  <system-out/>
</testsuite> <!-- salesperson.CompanyInfo -->
