<?xml version="1.0" encoding="UTF-8"?>
<!-- Generated by org.testng.reporters.JUnitReportReporter -->
<testsuite hostname="DESKTOP-OIMUSPK" failures="0" tests="1" name="salesperson.UserInfo" time="20.084" errors="0" timestamp="2022-06-18T11:16:10 IST" skipped="0">
  <testcase classname="salesperson.UserInfo" name="userDetials" time="20.084"/>
  <system-out/>
</testsuite> <!-- salesperson.UserInfo -->
