<?xml version="1.0" encoding="UTF-8"?>
<!-- Generated by org.testng.reporters.JUnitReportReporter -->
<testsuite hostname="DESKTOP-OIMUSPK" failures="0" tests="5" name="salesperson.Login" time="73.023" errors="0" timestamp="2022-06-18T11:21:38 IST" skipped="0">
  <testcase classname="salesperson.Login" name="verifyLogoTest" time="9.574"/>
  <system-out/>
  <testcase classname="salesperson.Login" name="forgotUsername" time="17.039"/>
  <system-out/>
  <testcase classname="salesperson.Login" name="forgotPassword" time="15.915"/>
  <system-out/>
  <testcase classname="salesperson.Login" name="verifyCreateAccount" time="15.814"/>
  <system-out/>
  <testcase classname="salesperson.Login" name="verifyLogin" time="14.681"/>
  <system-out/>
</testsuite> <!-- salesperson.Login -->
