<?xml version="1.0" encoding="UTF-8"?>
<!-- Generated by org.testng.reporters.JUnitReportReporter -->
<testsuite hostname="LAPTOP-DIVUF89F" failures="0" tests="1" name="salesperson.Registration" time="42.409" errors="0" timestamp="2022-06-16T21:06:42 IST" skipped="0">
  <testcase classname="salesperson.Registration" name="SelectSellerOption" time="42.409"/>
  <system-out/>
</testsuite> <!-- salesperson.Registration -->
