<?xml version="1.0" encoding="UTF-8"?>
<!-- Generated by org.testng.reporters.JUnitReportReporter -->
<testsuite hostname="DESKTOP-OIMUSPK" failures="0" tests="1" name="sampleTest.AppiumTest" time="0.004" errors="0" timestamp="2022-08-09T13:03:22 IST" skipped="0">
  <testcase classname="sampleTest.AppiumTest" name="appiumTest" time="0.004"/>
  <system-out/>
</testsuite> <!-- sampleTest.AppiumTest -->
