<?xml version="1.0" encoding="UTF-8"?>
<!-- Generated by org.testng.reporters.JUnitReportReporter -->
<testsuite hostname="DESKTOP-OIMUSPK" failures="0" tests="1" name="sampleTest.SeleniumTest" time="0.000" errors="0" timestamp="2022-08-09T13:03:22 IST" skipped="0">
  <testcase classname="sampleTest.SeleniumTest" name="seleniumTest" time="0.000"/>
  <system-out/>
</testsuite> <!-- sampleTest.SeleniumTest -->
