<?xml version="1.0" encoding="UTF-8"?>
<!-- Generated by org.testng.reporters.JUnitReportReporter -->
<testsuite hostname="LAPTOP-DIVUF89F" failures="0" tests="1" name="TestPages.ForgotUsernameTest" time="29.117" errors="0" timestamp="2022-06-13T03:41:29 IST" skipped="0">
  <testcase classname="TestPages.ForgotUsernameTest" name="verifyEmail" time="29.117"/>
  <system-out/>
</testsuite> <!-- TestPages.ForgotUsernameTest -->
