<?xml version="1.0" encoding="UTF-8"?>
<!-- Generated by org.testng.reporters.JUnitReportReporter -->
<testsuite hostname="LAPTOP-DIVUF89F" failures="0" tests="1" name="TestPages.LoginPageTest" time="18.398" errors="0" timestamp="2022-06-13T03:33:15 IST" skipped="0">
  <testcase classname="TestPages.LoginPageTest" name="verifyLogoTest" time="18.398"/>
  <system-out/>
</testsuite> <!-- TestPages.LoginPageTest -->
